  main.cpp
C:\Users\w1786801\source\repos\TextAdventure\TextAdventure\Item.h(6,9): error C3646: 'name': unknown override specifier
C:\Users\w1786801\source\repos\TextAdventure\TextAdventure\Item.h(6,13): error C4430: missing type specifier - int assumed. Note: C++ does not support default-int
C:\Users\w1786801\source\repos\TextAdventure\TextAdventure\Item.h(7,9): error C3646: 'description': unknown override specifier
C:\Users\w1786801\source\repos\TextAdventure\TextAdventure\Item.h(7,20): error C4430: missing type specifier - int assumed. Note: C++ does not support default-int
C:\Users\w1786801\source\repos\TextAdventure\TextAdventure\Item.h(11,7): error C2061: syntax error: identifier 'string'
C:\Users\w1786801\source\repos\TextAdventure\TextAdventure\Item.h(16,15): error C2061: syntax error: identifier 'string'
C:\Users\w1786801\source\repos\TextAdventure\TextAdventure\Item.h(20,9): error C3646: 'getName': unknown override specifier
C:\Users\w1786801\source\repos\TextAdventure\TextAdventure\Item.h(20,16): error C2059: syntax error: '('
C:\Users\w1786801\source\repos\TextAdventure\TextAdventure\Item.h(21,2): error C2334: unexpected token(s) preceding '{'; skipping apparent function body
C:\Users\w1786801\source\repos\TextAdventure\TextAdventure\Item.h(24,22): error C2061: syntax error: identifier 'string'
C:\Users\w1786801\source\repos\TextAdventure\TextAdventure\Item.h(28,9): error C3646: 'getDescription': unknown override specifier
C:\Users\w1786801\source\repos\TextAdventure\TextAdventure\Item.h(28,23): error C2059: syntax error: '('
C:\Users\w1786801\source\repos\TextAdventure\TextAdventure\Item.h(29,2): error C2334: unexpected token(s) preceding '{'; skipping apparent function body
C:\Users\w1786801\source\repos\TextAdventure\TextAdventure\Item.h(13,17): error C2065: 'name': undeclared identifier
C:\Users\w1786801\source\repos\TextAdventure\TextAdventure\Item.h(14,24): error C2065: 'description': undeclared identifier
C:\Users\w1786801\source\repos\TextAdventure\TextAdventure\Item.h(18,3): error C2065: 'name': undeclared identifier
C:\Users\w1786801\source\repos\TextAdventure\TextAdventure\Item.h(18,10): error C2065: 'value': undeclared identifier
C:\Users\w1786801\source\repos\TextAdventure\TextAdventure\Item.h(26,3): error C2065: 'description': undeclared identifier
C:\Users\w1786801\source\repos\TextAdventure\TextAdventure\Item.h(26,17): error C2065: 'value': undeclared identifier
C:\Users\w1786801\source\repos\TextAdventure\TextAdventure\Location.h(6,9): error C3646: 'name': unknown override specifier
C:\Users\w1786801\source\repos\TextAdventure\TextAdventure\Location.h(6,13): error C4430: missing type specifier - int assumed. Note: C++ does not support default-int
C:\Users\w1786801\source\repos\TextAdventure\TextAdventure\Location.h(7,9): error C3646: 'description': unknown override specifier
C:\Users\w1786801\source\repos\TextAdventure\TextAdventure\Location.h(7,20): error C4430: missing type specifier - int assumed. Note: C++ does not support default-int
C:\Users\w1786801\source\repos\TextAdventure\TextAdventure\Location.h(10,17): error C2061: syntax error: identifier 'string'
C:\Users\w1786801\source\repos\TextAdventure\TextAdventure\Location.h(26,9): error C3646: 'GetName': unknown override specifier
C:\Users\w1786801\source\repos\TextAdventure\TextAdventure\Location.h(26,16): error C2059: syntax error: '('
C:\Users\w1786801\source\repos\TextAdventure\TextAdventure\Location.h(27,2): error C2334: unexpected token(s) preceding '{'; skipping apparent function body
C:\Users\w1786801\source\repos\TextAdventure\TextAdventure\Location.h(31,15): error C2061: syntax error: identifier 'string'
C:\Users\w1786801\source\repos\TextAdventure\TextAdventure\Location.h(36,9): error C3646: 'GetDescription': unknown override specifier
C:\Users\w1786801\source\repos\TextAdventure\TextAdventure\Location.h(36,23): error C2059: syntax error: '('
C:\Users\w1786801\source\repos\TextAdventure\TextAdventure\Location.h(37,2): error C2334: unexpected token(s) preceding '{'; skipping apparent function body
C:\Users\w1786801\source\repos\TextAdventure\TextAdventure\Location.h(41,22): error C2061: syntax error: identifier 'string'
C:\Users\w1786801\source\repos\TextAdventure\TextAdventure\Location.h(60,15): error C2061: syntax error: identifier 'string'
C:\Users\w1786801\source\repos\TextAdventure\TextAdventure\Location.h(65,26): error C2061: syntax error: identifier 'string'
C:\Users\w1786801\source\repos\TextAdventure\TextAdventure\Location.h(13,9): error C2039: 'name': is not a member of 'Location'
C:\Users\w1786801\source\repos\TextAdventure\TextAdventure\Location.h(3): message : see declaration of 'Location'
C:\Users\w1786801\source\repos\TextAdventure\TextAdventure\Location.h(13,16): error C2065: 'name': undeclared identifier
C:\Users\w1786801\source\repos\TextAdventure\TextAdventure\Location.h(14,9): error C2039: 'description': is not a member of 'Location'
C:\Users\w1786801\source\repos\TextAdventure\TextAdventure\Location.h(3): message : see declaration of 'Location'
C:\Users\w1786801\source\repos\TextAdventure\TextAdventure\Location.h(14,23): error C2065: 'description': undeclared identifier
C:\Users\w1786801\source\repos\TextAdventure\TextAdventure\Location.h(33,3): error C2065: 'name': undeclared identifier
C:\Users\w1786801\source\repos\TextAdventure\TextAdventure\Location.h(33,10): error C2065: 'value': undeclared identifier
C:\Users\w1786801\source\repos\TextAdventure\TextAdventure\Location.h(43,3): error C2065: 'description': undeclared identifier
C:\Users\w1786801\source\repos\TextAdventure\TextAdventure\Location.h(43,17): error C2065: 'value': undeclared identifier
C:\Users\w1786801\source\repos\TextAdventure\TextAdventure\Location.h(47,16): error C2065: 'description': undeclared identifier
C:\Users\w1786801\source\repos\TextAdventure\TextAdventure\GameManager.h(63,1): error C2661: 'Item::Item': no overloaded function takes 2 arguments
C:\Users\w1786801\source\repos\TextAdventure\TextAdventure\GameManager.h(71,43): error C2039: 'getName': is not a member of 'Item'
C:\Users\w1786801\source\repos\TextAdventure\TextAdventure\Item.h(4): message : see declaration of 'Item'
C:\Users\w1786801\source\repos\TextAdventure\TextAdventure\GameManager.h(72,43): error C2039: 'getDescription': is not a member of 'Item'
C:\Users\w1786801\source\repos\TextAdventure\TextAdventure\Item.h(4): message : see declaration of 'Item'
C:\Users\w1786801\source\repos\TextAdventure\TextAdventure\Player.h(51,33): error C2039: 'GetName': is not a member of 'Location'
C:\Users\w1786801\source\repos\TextAdventure\TextAdventure\Location.h(3): message : see declaration of 'Location'
C:\Users\w1786801\source\repos\TextAdventure\TextAdventure\Player.h(60,32): error C2039: 'GetName': is not a member of 'Location'
C:\Users\w1786801\source\repos\TextAdventure\TextAdventure\Location.h(3): message : see declaration of 'Location'
C:\Users\w1786801\source\repos\TextAdventure\TextAdventure\Player.h(61,39): error C2039: 'GetDescription': is not a member of 'Location'
C:\Users\w1786801\source\repos\TextAdventure\TextAdventure\Location.h(3): message : see declaration of 'Location'
